<?xml version="1.0" encoding="UTF-8"?>
<!-- Generated by org.testng.reporters.JUnitReportReporter -->
<testsuite hostname="DESKTOP-ISGNV5K" failures="0" tests="1" name="jenkinmave.newjenkin.abc" time="11.889" errors="0" timestamp="2022-05-10T16:11:58 IST" skipped="0">
  <testcase classname="jenkinmave.newjenkin.abc" name="test1" time="11.889"/>
  <system-out/>
</testsuite> <!-- jenkinmave.newjenkin.abc -->
