<?xml version="1.0" encoding="UTF-8"?>
<!-- Generated by org.testng.reporters.JUnitReportReporter -->
<testsuite hostname="DESKTOP-ISGNV5K" failures="0" tests="1" name="jenkinmave.newjenkin.sampleclass" time="0.005" errors="0" timestamp="2022-05-10T15:45:20 IST" skipped="0">
  <testcase classname="jenkinmave.newjenkin.sampleclass" name="test1" time="0.005"/>
  <system-out/>
</testsuite> <!-- jenkinmave.newjenkin.sampleclass -->
